<?xml version="1.0" encoding="UTF-8"?>
<testsuite xmlns:xsi="http://www.w3.org/2001/XMLSchema-instance" xsi:noNamespaceSchemaLocation="https://maven.apache.org/surefire/maven-surefire-plugin/xsd/surefire-test-report.xsd" version="3.0.2" name="com.example.Lr2ApplicationTests" time="5.546" tests="1" errors="0" skipped="0" failures="0">
  <properties>
[...]
</properties>
  <testcase name="contextLoads" classname="com.example.Lr2ApplicationTests" time="0.459">
    <system-out><![CDATA[21:31:08.823 [main] INFO org.springframework.test.context.support.AnnotationConfigContextLoaderUtils -- Could not detect default configuration classes for test class [com.example.Lr2ApplicationTests]: Lr2ApplicationTests does not declare any static, non-private, non-final, nested classes annotated with @Configuration.
21:31:08.940 [main] INFO org.springframework.boot.test.context.SpringBootTestContextBootstrapper -- Found @SpringBootConfiguration com.example.Lr2Application for test class com.example.Lr2ApplicationTests

  .   ____          _            __ _ _
 /\\ / ___'_ __ _ _(_)_ __  __ _ \ \ \ \
( ( )\___ | '_ | '_| | '_ \/ _` | \ \ \ \
 \\/  ___)| |_)| | | | | || (_| |  ) ) ) )
  '  |____| .__|_| |_|_| |_\__, | / / / /
 =========|_|==============|___/=/_/_/_/

 :: Spring Boot ::                (v3.4.1)

2025-01-16T21:31:09.432+04:00  INFO 15380 --- [LR2] [           main] com.example.Lr2ApplicationTests          : Starting Lr2ApplicationTests using Java 17 with PID 15380 (started by maxim in C:\Users\Максим\IdeaProjects\JavaLR\LR2)
2025-01-16T21:31:09.435+04:00  INFO 15380 --- [LR2] [           main] com.example.Lr2ApplicationTests          : No active profile set, falling back to 1 default profile: "default"
2025-01-16T21:31:10.167+04:00  INFO 15380 --- [LR2] [           main] .s.d.r.c.RepositoryConfigurationDelegate : Bootstrapping Spring Data JPA repositories in DEFAULT mode.
2025-01-16T21:31:10.273+04:00  INFO 15380 --- [LR2] [           main] .s.d.r.c.RepositoryConfigurationDelegate : Finished Spring Data repository scanning in 79 ms. Found 2 JPA repository interfaces.
2025-01-16T21:31:10.796+04:00  INFO 15380 --- [LR2] [           main] o.hibernate.jpa.internal.util.LogHelper  : HHH000204: Processing PersistenceUnitInfo [name: default]
2025-01-16T21:31:10.883+04:00  INFO 15380 --- [LR2] [           main] org.hibernate.Version                    : HHH000412: Hibernate ORM core version 6.6.4.Final
2025-01-16T21:31:10.928+04:00  INFO 15380 --- [LR2] [           main] o.h.c.internal.RegionFactoryInitiator    : HHH000026: Second-level cache disabled
2025-01-16T21:31:11.341+04:00  INFO 15380 --- [LR2] [           main] o.s.o.j.p.SpringPersistenceUnitInfo      : No LoadTimeWeaver setup: ignoring JPA class transformer
2025-01-16T21:31:11.390+04:00  INFO 15380 --- [LR2] [           main] com.zaxxer.hikari.HikariDataSource       : HikariPool-1 - Starting...
2025-01-16T21:31:11.608+04:00  INFO 15380 --- [LR2] [           main] com.zaxxer.hikari.pool.HikariPool        : HikariPool-1 - Added connection org.postgresql.jdbc.PgConnection@6a6d1ff3
2025-01-16T21:31:11.610+04:00  INFO 15380 --- [LR2] [           main] com.zaxxer.hikari.HikariDataSource       : HikariPool-1 - Start completed.
2025-01-16T21:31:11.654+04:00  WARN 15380 --- [LR2] [           main] org.hibernate.orm.deprecation            : HHH90000025: PostgreSQLDialect does not need to be specified explicitly using 'hibernate.dialect' (remove the property setting and it will be selected by default)
2025-01-16T21:31:11.679+04:00  INFO 15380 --- [LR2] [           main] org.hibernate.orm.connections.pooling    : HHH10001005: Database info:
	Database JDBC URL [Connecting through datasource 'HikariDataSource (HikariPool-1)']
	Database driver: undefined/unknown
	Database version: 15.0
	Autocommit mode: undefined/unknown
	Isolation level: undefined/unknown
	Minimum pool size: undefined/unknown
	Maximum pool size: undefined/unknown
2025-01-16T21:31:12.775+04:00  INFO 15380 --- [LR2] [           main] o.h.e.t.j.p.i.JtaPlatformInitiator       : HHH000489: No JTA platform available (set 'hibernate.transaction.jta.platform' to enable JTA platform integration)
2025-01-16T21:31:12.870+04:00  INFO 15380 --- [LR2] [           main] j.LocalContainerEntityManagerFactoryBean : Initialized JPA EntityManagerFactory for persistence unit 'default'
2025-01-16T21:31:13.664+04:00  INFO 15380 --- [LR2] [           main] com.example.Lr2ApplicationTests          : Started Lr2ApplicationTests in 4.539 seconds (process running for 5.592)
]]></system-out>
  </testcase>
</testsuite>